{
  "0 debug pnpm:scope": {
    "selected": 1,
    "workspacePrefix": "/Users/kames/workspace/soulcialites/web3-citizen"
  },
  "1 error pnpm": {
    "code": "ELIFECYCLE",
    "errno": "ENOENT",
    "syscall": "spawn",
    "file": "sh",
    "pkgid": "@web3-citizen/core-sol@0.0.0-beta.0",
    "stage": "chain",
    "script": "hardhat node --network hardhat",
    "pkgname": "@web3-citizen/core-sol",
    "err": {
      "name": "pnpm",
      "message": "@web3-citizen/core-sol@0.0.0-beta.0 chain: `hardhat node --network hardhat`\nspawn ENOENT",
      "code": "ELIFECYCLE",
      "stack": "pnpm: @web3-citizen/core-sol@0.0.0-beta.0 chain: `hardhat node --network hardhat`\nspawn ENOENT\n    at ChildProcess.<anonymous> (/opt/homebrew/Cellar/pnpm/7.2.1/libexec/lib/node_modules/pnpm/dist/pnpm.cjs:93917:22)\n    at ChildProcess.emit (node:events:390:28)\n    at maybeClose (node:internal/child_process:1064:16)\n    at Process.ChildProcess._handle.onexit (node:internal/child_process:301:5)"
    }
  },
  "2 warn pnpm:global": " Local package.json exists, but node_modules missing, did you mean to install?"
}