[36m@web3-citizen/core-sol:chain:fork[0m: cache hit, replaying output [2mb57531e1d7521b47[0m
[36m@web3-citizen/core-sol:chain:fork: [0m
[36m@web3-citizen/core-sol:chain:fork: [0m> @web3-citizen/core-sol@0.0.0-beta.1 chain:fork /Users/kames/workspace/soulcialites/web3-citizen/contracts/core-sol
[36m@web3-citizen/core-sol:chain:fork: [0m> DEPLOY=mainnet FORK_ENABLED=true hardhat node
[36m@web3-citizen/core-sol:chain:fork: [0m
[36m@web3-citizen/core-sol:chain:fork: [0mForking Ethereum Mainnet
[36m@web3-citizen/core-sol:chain:fork: [0m(node:5315) ExperimentalWarning: stream/web is an experimental feature. This feature could change at any time
[36m@web3-citizen/core-sol:chain:fork: [0m(Use `node --trace-warnings ...` to show where the warning was created)
[36m@web3-citizen/core-sol:chain:fork: [0mNothing to compile
[36m@web3-citizen/core-sol:chain:fork: [0mNo need to generate any newer typings.
[36m@web3-citizen/core-sol:chain:fork: [0mdeploying "SVGColor" (tx: 0xcbd9b99ad36bd12c29e0e0699ce8adc803be459d2563d603575f08fe42f1e201)...: deployed at 0x5257613B3fD1eB88a0CD21FF8cbAD87402AF86Cd with 1194859 gas
[36m@web3-citizen/core-sol:chain:fork: [0mdeploying "SVGRender" (tx: 0xf8edddf3f8a9497319788ab3237255f6199c8e10d507a35b4da5e269300808a4)...: deployed at 0x3e434e5d5AdFF690F4B2cC7d83fC4Ec2EBeab0cB with 1192121 gas
[36m@web3-citizen/core-sol:chain:fork: [0mdeploying "Metadata" (tx: 0x6fe109c56f0006e1ab32727be30d2e9ed4119f1f47849b0d3cc4d07d78831371)...: deployed at 0xa24aCaf315a17c22e30E789C8fBdd4E4A23D9159 with 2102745 gas
[36m@web3-citizen/core-sol:chain:fork: [0mdeploying "CitizenAlpha" (tx: 0xb37fe2cfa128ff8c532ba4b3f25277f5ca10596d82f2068acde314d0f40cac8d)...: deployed at 0x825E0e24de8559831E2BDEe296397bA38967bA07 with 1860339 gas
[36m@web3-citizen/core-sol:chain:fork: [0mdeploying "Notary" (tx: 0x173801d603fed9a904ec382ec1f7f9d27dac5a34ddb4194a2aa8b6cf77743a59)...: deployed at 0x0aFC9809385039f9338C481C23Ff60F680c43251 with 800944 gas
[36m@web3-citizen/core-sol:chain:fork: [0mdeploying "Nation" (tx: 0x35351b634d31521995bca6ca1db4f6a49784bb52e278da63a97d63398043d961)...: deployed at 0x4f94eBAEb441d20AD3b1379F89e59B8D0505287E with 1310854 gas
[36m@web3-citizen/core-sol:chain:fork: [0mdeploying "NotaryServiceDelegatable" (tx: 0x1a633bdd2566f8fbfd3c3d02848697f1437e49105560c9158a50c72d3f156ec1)...: deployed at 0xDadd921698a8D4FDaA43d83371C4323F61A2dB07 with 2223610 gas
[36m@web3-citizen/core-sol:chain:fork: [0mdeploying "SourceENS" (tx: 0x1cc8601d1dba10dd35536d1c4e984b5a81b81976fc71ba7788107e4b0a47d510)...: deployed at 0x97F4b23c0ce547e2aafF1D5F523c30d82C0a2f9F with 1248209 gas
[36m@web3-citizen/core-sol:chain:fork: [0mdeploying "TrustToken" (tx: 0x635e936a1378db4ee34ca7f09af6a0b897d3a4921f8730ca2b97f7bca016884b)...: deployed at 0x4F9CE37b836812ca2e6772b2C42D2e1Fbbaf6cF1 with 2878380 gas
[36m@web3-citizen/core-sol:chain:fork: [0mStarted HTTP and WebSocket JSON-RPC server at http://127.0.0.1:8545/
[36m@web3-citizen/core-sol:chain:fork: [0m
[36m@web3-citizen/core-sol:chain:fork: [0mAccounts
[36m@web3-citizen/core-sol:chain:fork: [0m========
[36m@web3-citizen/core-sol:chain:fork: [0mAccount #0: 0xfc4099eF10CC6255E8662eF85CF82067A7f2e3fd (1 ETH)
[36m@web3-citizen/core-sol:chain:fork: [0m
[36m@web3-citizen/core-sol:chain:fork: [0meth_blockNumber
[36m@web3-citizen/core-sol:chain:fork: [0m  Contract deployment: SVGColor
[36m@web3-citizen/core-sol:chain:fork: [0m  Contract address:    0x5257613b3fd1eb88a0cd21ff8cbad87402af86cd
[36m@web3-citizen/core-sol:chain:fork: [0m  Transaction:         0xcbd9b99ad36bd12c29e0e0699ce8adc803be459d2563d603575f08fe42f1e201
[36m@web3-citizen/core-sol:chain:fork: [0m  From:                0xfc4099ef10cc6255e8662ef85cf82067a7f2e3fd
[36m@web3-citizen/core-sol:chain:fork: [0m  Value:               0 ETH
[36m@web3-citizen/core-sol:chain:fork: [0m  Gas used:            1194859 of 1194859
[36m@web3-citizen/core-sol:chain:fork: [0m  Block #15173655:     0x6f49335f5447ae62833cd4704571eb104d752058d8eaab80ab518fd5eeafe191
[36m@web3-citizen/core-sol:chain:fork: [0m  Contract deployment: SVGRender
[36m@web3-citizen/core-sol:chain:fork: [0m  Contract address:    0x3e434e5d5adff690f4b2cc7d83fc4ec2ebeab0cb
[36m@web3-citizen/core-sol:chain:fork: [0m  Transaction:         0xf8edddf3f8a9497319788ab3237255f6199c8e10d507a35b4da5e269300808a4
[36m@web3-citizen/core-sol:chain:fork: [0m  From:                0xfc4099ef10cc6255e8662ef85cf82067a7f2e3fd
[36m@web3-citizen/core-sol:chain:fork: [0m  Value:               0 ETH
[36m@web3-citizen/core-sol:chain:fork: [0m  Gas used:            1192121 of 1192121
[36m@web3-citizen/core-sol:chain:fork: [0m  Block #15173656:     0x38ec46f661a829b1c424caa739a080da241276e4f9dc2841c9fed9f2f19c4cbb
[36m@web3-citizen/core-sol:chain:fork: [0m  Contract deployment: Metadata
[36m@web3-citizen/core-sol:chain:fork: [0m  Contract address:    0xa24acaf315a17c22e30e789c8fbdd4e4a23d9159
[36m@web3-citizen/core-sol:chain:fork: [0m  Transaction:         0x6fe109c56f0006e1ab32727be30d2e9ed4119f1f47849b0d3cc4d07d78831371
[36m@web3-citizen/core-sol:chain:fork: [0m  From:                0xfc4099ef10cc6255e8662ef85cf82067a7f2e3fd
[36m@web3-citizen/core-sol:chain:fork: [0m  Value:               0 ETH
[36m@web3-citizen/core-sol:chain:fork: [0m  Gas used:            2102745 of 2102745
[36m@web3-citizen/core-sol:chain:fork: [0m  Block #15173657:     0xc913caa7ed13456ba1675b7f75a55f332452e3233e0ff3927b4525ea9f29f2e9
[36m@web3-citizen/core-sol:chain:fork: [0m  Contract deployment: CitizenAlpha
[36m@web3-citizen/core-sol:chain:fork: [0m  Contract address:    0x825e0e24de8559831e2bdee296397ba38967ba07
[36m@web3-citizen/core-sol:chain:fork: [0m  Transaction:         0xb37fe2cfa128ff8c532ba4b3f25277f5ca10596d82f2068acde314d0f40cac8d
[36m@web3-citizen/core-sol:chain:fork: [0m  From:                0xfc4099ef10cc6255e8662ef85cf82067a7f2e3fd
[36m@web3-citizen/core-sol:chain:fork: [0m  Value:               0 ETH
[36m@web3-citizen/core-sol:chain:fork: [0m  Gas used:            1860339 of 1860339
[36m@web3-citizen/core-sol:chain:fork: [0m  Block #15173658:     0xad5e354488856a44612f16a0820eb459cc7972459712d3ebd64f6cb8443126cb
[36m@web3-citizen/core-sol:chain:fork: [0m  Contract deployment: Notary
[36m@web3-citizen/core-sol:chain:fork: [0m  Contract address:    0x0afc9809385039f9338c481c23ff60f680c43251
[36m@web3-citizen/core-sol:chain:fork: [0m  Transaction:         0x173801d603fed9a904ec382ec1f7f9d27dac5a34ddb4194a2aa8b6cf77743a59
[36m@web3-citizen/core-sol:chain:fork: [0m  From:                0xfc4099ef10cc6255e8662ef85cf82067a7f2e3fd
[36m@web3-citizen/core-sol:chain:fork: [0m  Value:               0 ETH
[36m@web3-citizen/core-sol:chain:fork: [0m  Gas used:            800944 of 800944
[36m@web3-citizen/core-sol:chain:fork: [0m  Block #15173659:     0xbbe38856a1928b41e788464265174264ab6f416ba2f65be7338814ad7dd0d2e6
[36m@web3-citizen/core-sol:chain:fork: [0m  Contract deployment: Nation
[36m@web3-citizen/core-sol:chain:fork: [0m  Contract address:    0x4f94ebaeb441d20ad3b1379f89e59b8d0505287e
[36m@web3-citizen/core-sol:chain:fork: [0m  Transaction:         0x35351b634d31521995bca6ca1db4f6a49784bb52e278da63a97d63398043d961
[36m@web3-citizen/core-sol:chain:fork: [0m  From:                0xfc4099ef10cc6255e8662ef85cf82067a7f2e3fd
[36m@web3-citizen/core-sol:chain:fork: [0m  Value:               0 ETH
[36m@web3-citizen/core-sol:chain:fork: [0m  Gas used:            1310854 of 1310854
[36m@web3-citizen/core-sol:chain:fork: [0m  Block #15173660:     0x59b0c16c02df05a87a6ed40d0b783fc61ba99b8a268450f787c6019b9b681f4c
[36m@web3-citizen/core-sol:chain:fork: [0m  Contract deployment: NotaryServiceDelegatable
[36m@web3-citizen/core-sol:chain:fork: [0m  Contract address:    0xdadd921698a8d4fdaa43d83371c4323f61a2db07
[36m@web3-citizen/core-sol:chain:fork: [0m  Transaction:         0x1a633bdd2566f8fbfd3c3d02848697f1437e49105560c9158a50c72d3f156ec1
[36m@web3-citizen/core-sol:chain:fork: [0m  From:                0xfc4099ef10cc6255e8662ef85cf82067a7f2e3fd
[36m@web3-citizen/core-sol:chain:fork: [0m  Value:               0 ETH
[36m@web3-citizen/core-sol:chain:fork: [0m  Gas used:            2223610 of 2223610
[36m@web3-citizen/core-sol:chain:fork: [0m  Block #15173661:     0xc35fb23441ce5e29b1149b1df50b59519612465ea2ab36c22294e139c92c0237
[36m@web3-citizen/core-sol:chain:fork: [0m  Contract deployment: SourceENS
[36m@web3-citizen/core-sol:chain:fork: [0m  Contract address:    0x97f4b23c0ce547e2aaff1d5f523c30d82c0a2f9f
[36m@web3-citizen/core-sol:chain:fork: [0m  Transaction:         0x1cc8601d1dba10dd35536d1c4e984b5a81b81976fc71ba7788107e4b0a47d510
[36m@web3-citizen/core-sol:chain:fork: [0m  From:                0xfc4099ef10cc6255e8662ef85cf82067a7f2e3fd
[36m@web3-citizen/core-sol:chain:fork: [0m  Value:               0 ETH
[36m@web3-citizen/core-sol:chain:fork: [0m  Gas used:            1248209 of 1248209
[36m@web3-citizen/core-sol:chain:fork: [0m  Block #15173662:     0x108a5bcfe5941ab406042ec38789062c7f4bd3aa4dd779878ddd3762f87d7ff4
[36m@web3-citizen/core-sol:chain:fork: [0m  Contract deployment: TrustToken
[36m@web3-citizen/core-sol:chain:fork: [0m  Contract address:    0x4f9ce37b836812ca2e6772b2c42d2e1fbbaf6cf1
[36m@web3-citizen/core-sol:chain:fork: [0m  Transaction:         0x635e936a1378db4ee34ca7f09af6a0b897d3a4921f8730ca2b97f7bca016884b
[36m@web3-citizen/core-sol:chain:fork: [0m  From:                0xfc4099ef10cc6255e8662ef85cf82067a7f2e3fd
[36m@web3-citizen/core-sol:chain:fork: [0m  Value:               0 ETH
[36m@web3-citizen/core-sol:chain:fork: [0m  Gas used:            2878380 of 2878380
[36m@web3-citizen/core-sol:chain:fork: [0m  Block #15173663:     0x284a862853c153cdaae72d24eb3e31bf369a7da49915598f36239086040ba00e
[36m@web3-citizen/core-sol:chain:fork: [0m  Contract call:       Metadata#appendSource
[36m@web3-citizen/core-sol:chain:fork: [0m  Transaction:         0xeacc3812cb2b46ae2beb98e19d8a30014236852b94a66d0ae113a40071ecd91a
[36m@web3-citizen/core-sol:chain:fork: [0m  From:                0xfc4099ef10cc6255e8662ef85cf82067a7f2e3fd
[36m@web3-citizen/core-sol:chain:fork: [0m  To:                  0xa24acaf315a17c22e30e789c8fbdd4e4a23d9159
[36m@web3-citizen/core-sol:chain:fork: [0m  Value:               0 ETH
[36m@web3-citizen/core-sol:chain:fork: [0m  Gas used:            64320 of 19022680
[36m@web3-citizen/core-sol:chain:fork: [0m  Block #15173664:     0x6611484269c780dda870271e4b1a05b162ba2bbd83aa01558c9ad6426d4eddff
[36m@web3-citizen/core-sol:chain:fork: [0m  Contract call:       Metadata#setToken
[36m@web3-citizen/core-sol:chain:fork: [0m  Transaction:         0xb94b3b1e6fa6b32b8907158ad7649ca985a8ac15e8e7fe6ab675b7cbe5e77934
[36m@web3-citizen/core-sol:chain:fork: [0m  From:                0xfc4099ef10cc6255e8662ef85cf82067a7f2e3fd
[36m@web3-citizen/core-sol:chain:fork: [0m  To:                  0xa24acaf315a17c22e30e789c8fbdd4e4a23d9159
[36m@web3-citizen/core-sol:chain:fork: [0m  Value:               0 ETH
[36m@web3-citizen/core-sol:chain:fork: [0m  Gas used:            43507 of 19022680
[36m@web3-citizen/core-sol:chain:fork: [0m  Block #15173665:     0x4ef7dc4c75117b52a77c32527a397d16f3859c3e01c48322d1fc3c816c7a3e16
[36m@web3-citizen/core-sol:chain:fork: [0m  Contract call:       CitizenAlpha#setNotary
[36m@web3-citizen/core-sol:chain:fork: [0m  Transaction:         0x2884e14d65dbe4adfd1a76a3d617de510a2cef832ce643b9dcee5f5877d021a7
[36m@web3-citizen/core-sol:chain:fork: [0m  From:                0xfc4099ef10cc6255e8662ef85cf82067a7f2e3fd
[36m@web3-citizen/core-sol:chain:fork: [0m  To:                  0x825e0e24de8559831e2bdee296397ba38967ba07
[36m@web3-citizen/core-sol:chain:fork: [0m  Value:               0 ETH
[36m@web3-citizen/core-sol:chain:fork: [0m  Gas used:            44621 of 19022680
[36m@web3-citizen/core-sol:chain:fork: [0m  Block #15173666:     0xf0791541be59bc97b099380ede872966b4e580a8db2073507456e8df8b19741f
[36m@web3-citizen/core-sol:chain:fork: [0m  Contract call:       Notary#grantRole
[36m@web3-citizen/core-sol:chain:fork: [0m  Transaction:         0x440be4046776949136053bc8027ac336afc085ed1beb36201c53c0f8ba316e7c
[36m@web3-citizen/core-sol:chain:fork: [0m  From:                0xfc4099ef10cc6255e8662ef85cf82067a7f2e3fd
[36m@web3-citizen/core-sol:chain:fork: [0m  To:                  0x0afc9809385039f9338c481c23ff60f680c43251
[36m@web3-citizen/core-sol:chain:fork: [0m  Value:               0 ETH
[36m@web3-citizen/core-sol:chain:fork: [0m  Gas used:            48286 of 19024856
[36m@web3-citizen/core-sol:chain:fork: [0m  Block #15173667:     0x7c1064d64bd8ddfbf0d8dc92d4cc6c4e031709821004583df3f63f24449ee1c4
[36m@web3-citizen/core-sol:chain:fork: [0m
[36m@web3-citizen/core-sol:chain:fork: [0meth_blockNumber
[36m@web3-citizen/core-sol:chain:fork: [0mnet_version
[36m@web3-citizen/core-sol:chain:fork: [0meth_accounts
[36m@web3-citizen/core-sol:chain:fork: [0meth_call
[36m@web3-citizen/core-sol:chain:fork: [0m  Contract call:       <UnrecognizedContract>
[36m@web3-citizen/core-sol:chain:fork: [0m  From:                0xfc4099ef10cc6255e8662ef85cf82067a7f2e3fd
[36m@web3-citizen/core-sol:chain:fork: [0m  To:                  0xb1f8e55c7f64d203c1400b9d8555d050f94adf39
[36m@web3-citizen/core-sol:chain:fork: [0m
[36m@web3-citizen/core-sol:chain:fork: [0meth_getBlockByNumber
[36m@web3-citizen/core-sol:chain:fork: [0meth_blockNumber
[36m@web3-citizen/core-sol:chain:fork: [0meth_blockNumber (2)
[36m@web3-citizen/core-sol:chain:fork: [0meth_blockNumber (3)
[36m@web3-citizen/core-sol:chain:fork: [0meth_getBalance
[36m@web3-citizen/core-sol:chain:fork: [0meth_call
[36m@web3-citizen/core-sol:chain:fork: [0m  Contract call:       CitizenAlpha#totalIssued
[36m@web3-citizen/core-sol:chain:fork: [0m  From:                0xfc4099ef10cc6255e8662ef85cf82067a7f2e3fd
[36m@web3-citizen/core-sol:chain:fork: [0m  To:                  0x825e0e24de8559831e2bdee296397ba38967ba07
[36m@web3-citizen/core-sol:chain:fork: [0m
[36m@web3-citizen/core-sol:chain:fork: [0meth_blockNumber
[36m@web3-citizen/core-sol:chain:fork: [0meth_blockNumber (2)
[36m@web3-citizen/core-sol:chain:fork: [0meth_blockNumber (3)
[36m@web3-citizen/core-sol:chain:fork: [0meth_blockNumber (4)
[36m@web3-citizen/core-sol:chain:fork: [0meth_getBalance
[36m@web3-citizen/core-sol:chain:fork: [0meth_call
[36m@web3-citizen/core-sol:chain:fork: [0m  Contract call:       CitizenAlpha#isCitizen
[36m@web3-citizen/core-sol:chain:fork: [0m  From:                0xfc4099ef10cc6255e8662ef85cf82067a7f2e3fd
[36m@web3-citizen/core-sol:chain:fork: [0m  To:                  0x825e0e24de8559831e2bdee296397ba38967ba07
[36m@web3-citizen/core-sol:chain:fork: [0m
[36m@web3-citizen/core-sol:chain:fork: [0meth_call
[36m@web3-citizen/core-sol:chain:fork: [0m  Contract call:       CitizenAlpha#getId
[36m@web3-citizen/core-sol:chain:fork: [0m  From:                0xfc4099ef10cc6255e8662ef85cf82067a7f2e3fd
[36m@web3-citizen/core-sol:chain:fork: [0m  To:                  0x825e0e24de8559831e2bdee296397ba38967ba07
[36m@web3-citizen/core-sol:chain:fork: [0m
[36m@web3-citizen/core-sol:chain:fork: [0m  Error: VM Exception while processing transaction: reverted with reason string 'CitizenAlpha:not-active-citizen'
[36m@web3-citizen/core-sol:chain:fork: [0m      at CitizenAlpha.approve (@openzeppelin/contracts/token/ERC721/ERC721.sol:114)
[36m@web3-citizen/core-sol:chain:fork: [0m      at CitizenAlpha.getId (contracts/CitizenAlpha.sol:143)
[36m@web3-citizen/core-sol:chain:fork: [0m      at processTicksAndRejections (node:internal/process/task_queues:96:5)
[36m@web3-citizen/core-sol:chain:fork: [0m      at async HardhatNode.runCall (/Users/kames/workspace/soulcialites/web3-citizen/node_modules/.pnpm/hardhat@2.10.0_6oasmw356qmm23djlsjgkwvrtm/node_modules/hardhat/src/internal/hardhat-network/provider/node.ts:616:20)
[36m@web3-citizen/core-sol:chain:fork: [0m      at async EthModule._callAction (/Users/kames/workspace/soulcialites/web3-citizen/node_modules/.pnpm/hardhat@2.10.0_6oasmw356qmm23djlsjgkwvrtm/node_modules/hardhat/src/internal/hardhat-network/provider/modules/eth.ts:354:9)
[36m@web3-citizen/core-sol:chain:fork: [0m      at async HardhatNetworkProvider._sendWithLogging (/Users/kames/workspace/soulcialites/web3-citizen/node_modules/.pnpm/hardhat@2.10.0_6oasmw356qmm23djlsjgkwvrtm/node_modules/hardhat/src/internal/hardhat-network/provider/provider.ts:139:22)
[36m@web3-citizen/core-sol:chain:fork: [0m      at async HardhatNetworkProvider.request (/Users/kames/workspace/soulcialites/web3-citizen/node_modules/.pnpm/hardhat@2.10.0_6oasmw356qmm23djlsjgkwvrtm/node_modules/hardhat/src/internal/hardhat-network/provider/provider.ts:116:18)
[36m@web3-citizen/core-sol:chain:fork: [0m      at async JsonRpcHandler._handleRequest (/Users/kames/workspace/soulcialites/web3-citizen/node_modules/.pnpm/hardhat@2.10.0_6oasmw356qmm23djlsjgkwvrtm/node_modules/hardhat/src/internal/hardhat-network/jsonrpc/handler.ts:188:20)
[36m@web3-citizen/core-sol:chain:fork: [0m      at async JsonRpcHandler._handleSingleRequest (/Users/kames/workspace/soulcialites/web3-citizen/node_modules/.pnpm/hardhat@2.10.0_6oasmw356qmm23djlsjgkwvrtm/node_modules/hardhat/src/internal/hardhat-network/jsonrpc/handler.ts:167:17)
[36m@web3-citizen/core-sol:chain:fork: [0m
[36m@web3-citizen/core-sol:chain:fork: [0meth_blockNumber
[36m@web3-citizen/core-sol:chain:fork: [0meth_blockNumber (2)
[36m@web3-citizen/core-sol:chain:fork: [0meth_getBalance
[36m@web3-citizen/core-sol:chain:fork: [0meth_call
[36m@web3-citizen/core-sol:chain:fork: [0m  Contract call:       <UnrecognizedContract>
[36m@web3-citizen/core-sol:chain:fork: [0m  From:                0xfc4099ef10cc6255e8662ef85cf82067a7f2e3fd
[36m@web3-citizen/core-sol:chain:fork: [0m  To:                  0x00000000000c2e074ec69a0dfb2997ba6c7d2e1e
[36m@web3-citizen/core-sol:chain:fork: [0m
[36m@web3-citizen/core-sol:chain:fork: [0meth_call
[36m@web3-citizen/core-sol:chain:fork: [0m  Contract call:       <UnrecognizedContract>
[36m@web3-citizen/core-sol:chain:fork: [0m  From:                0xfc4099ef10cc6255e8662ef85cf82067a7f2e3fd
[36m@web3-citizen/core-sol:chain:fork: [0m  To:                  0x4976fb03c32e5b8cfe2b6ccb31c09ba78ebaba41
[36m@web3-citizen/core-sol:chain:fork: [0m
[36m@web3-citizen/core-sol:chain:fork: [0meth_call
[36m@web3-citizen/core-sol:chain:fork: [0m  Contract call:       <UnrecognizedContract>
[36m@web3-citizen/core-sol:chain:fork: [0m  From:                0xfc4099ef10cc6255e8662ef85cf82067a7f2e3fd
[36m@web3-citizen/core-sol:chain:fork: [0m  To:                  0x4976fb03c32e5b8cfe2b6ccb31c09ba78ebaba41
[36m@web3-citizen/core-sol:chain:fork: [0m
[36m@web3-citizen/core-sol:chain:fork: [0meth_blockNumber
[36m@web3-citizen/core-sol:chain:fork: [0meth_estimateGas
[36m@web3-citizen/core-sol:chain:fork: [0meth_getCode
[36m@web3-citizen/core-sol:chain:fork: [0meth_call
[36m@web3-citizen/core-sol:chain:fork: [0m  Contract call:       Notary#supportsInterface
[36m@web3-citizen/core-sol:chain:fork: [0m  From:                0xfc4099ef10cc6255e8662ef85cf82067a7f2e3fd
[36m@web3-citizen/core-sol:chain:fork: [0m  To:                  0x0afc9809385039f9338c481c23ff60f680c43251
[36m@web3-citizen/core-sol:chain:fork: [0m
[36m@web3-citizen/core-sol:chain:fork: [0meth_call
[36m@web3-citizen/core-sol:chain:fork: [0m  Contract call:       Notary#supportsInterface
[36m@web3-citizen/core-sol:chain:fork: [0m  From:                0xfc4099ef10cc6255e8662ef85cf82067a7f2e3fd
[36m@web3-citizen/core-sol:chain:fork: [0m  To:                  0x0afc9809385039f9338c481c23ff60f680c43251
[36m@web3-citizen/core-sol:chain:fork: [0m
[36m@web3-citizen/core-sol:chain:fork: [0meth_call
[36m@web3-citizen/core-sol:chain:fork: [0m  Contract call:       Notary#supportsInterface
[36m@web3-citizen/core-sol:chain:fork: [0m  From:                0xfc4099ef10cc6255e8662ef85cf82067a7f2e3fd
[36m@web3-citizen/core-sol:chain:fork: [0m  To:                  0x0afc9809385039f9338c481c23ff60f680c43251
[36m@web3-citizen/core-sol:chain:fork: [0m
[36m@web3-citizen/core-sol:chain:fork: [0meth_call
[36m@web3-citizen/core-sol:chain:fork: [0m  Contract call:       Notary#<unrecognized-selector>
[36m@web3-citizen/core-sol:chain:fork: [0m  From:                0xfc4099ef10cc6255e8662ef85cf82067a7f2e3fd
[36m@web3-citizen/core-sol:chain:fork: [0m  To:                  0x0afc9809385039f9338c481c23ff60f680c43251
[36m@web3-citizen/core-sol:chain:fork: [0m
[36m@web3-citizen/core-sol:chain:fork: [0m  Error: Transaction reverted: function selector was not recognized and there's no fallback function
[36m@web3-citizen/core-sol:chain:fork: [0m      at Notary.<unrecognized-selector> (contracts/Notary/Notary.sol:12)
[36m@web3-citizen/core-sol:chain:fork: [0m      at processTicksAndRejections (node:internal/process/task_queues:96:5)
[36m@web3-citizen/core-sol:chain:fork: [0m      at async HardhatNode.runCall (/Users/kames/workspace/soulcialites/web3-citizen/node_modules/.pnpm/hardhat@2.10.0_6oasmw356qmm23djlsjgkwvrtm/node_modules/hardhat/src/internal/hardhat-network/provider/node.ts:616:20)
[36m@web3-citizen/core-sol:chain:fork: [0m      at async EthModule._callAction (/Users/kames/workspace/soulcialites/web3-citizen/node_modules/.pnpm/hardhat@2.10.0_6oasmw356qmm23djlsjgkwvrtm/node_modules/hardhat/src/internal/hardhat-network/provider/modules/eth.ts:354:9)
[36m@web3-citizen/core-sol:chain:fork: [0m      at async HardhatNetworkProvider._sendWithLogging (/Users/kames/workspace/soulcialites/web3-citizen/node_modules/.pnpm/hardhat@2.10.0_6oasmw356qmm23djlsjgkwvrtm/node_modules/hardhat/src/internal/hardhat-network/provider/provider.ts:139:22)
[36m@web3-citizen/core-sol:chain:fork: [0m      at async HardhatNetworkProvider.request (/Users/kames/workspace/soulcialites/web3-citizen/node_modules/.pnpm/hardhat@2.10.0_6oasmw356qmm23djlsjgkwvrtm/node_modules/hardhat/src/internal/hardhat-network/provider/provider.ts:116:18)
[36m@web3-citizen/core-sol:chain:fork: [0m      at async JsonRpcHandler._handleRequest (/Users/kames/workspace/soulcialites/web3-citizen/node_modules/.pnpm/hardhat@2.10.0_6oasmw356qmm23djlsjgkwvrtm/node_modules/hardhat/src/internal/hardhat-network/jsonrpc/handler.ts:188:20)
[36m@web3-citizen/core-sol:chain:fork: [0m      at async JsonRpcHandler._handleSingleRequest (/Users/kames/workspace/soulcialites/web3-citizen/node_modules/.pnpm/hardhat@2.10.0_6oasmw356qmm23djlsjgkwvrtm/node_modules/hardhat/src/internal/hardhat-network/jsonrpc/handler.ts:167:17)
[36m@web3-citizen/core-sol:chain:fork: [0m
[36m@web3-citizen/core-sol:chain:fork: [0meth_call
[36m@web3-citizen/core-sol:chain:fork: [0m  Contract call:       Notary#<unrecognized-selector>
[36m@web3-citizen/core-sol:chain:fork: [0m  From:                0xfc4099ef10cc6255e8662ef85cf82067a7f2e3fd
[36m@web3-citizen/core-sol:chain:fork: [0m  To:                  0x0afc9809385039f9338c481c23ff60f680c43251
[36m@web3-citizen/core-sol:chain:fork: [0m
[36m@web3-citizen/core-sol:chain:fork: [0m  Error: Transaction reverted: function selector was not recognized and there's no fallback function
[36m@web3-citizen/core-sol:chain:fork: [0m      at Notary.<unrecognized-selector> (contracts/Notary/Notary.sol:12)
[36m@web3-citizen/core-sol:chain:fork: [0m      at processTicksAndRejections (node:internal/process/task_queues:96:5)
[36m@web3-citizen/core-sol:chain:fork: [0m      at async HardhatNode.runCall (/Users/kames/workspace/soulcialites/web3-citizen/node_modules/.pnpm/hardhat@2.10.0_6oasmw356qmm23djlsjgkwvrtm/node_modules/hardhat/src/internal/hardhat-network/provider/node.ts:616:20)
[36m@web3-citizen/core-sol:chain:fork: [0m      at async EthModule._callAction (/Users/kames/workspace/soulcialites/web3-citizen/node_modules/.pnpm/hardhat@2.10.0_6oasmw356qmm23djlsjgkwvrtm/node_modules/hardhat/src/internal/hardhat-network/provider/modules/eth.ts:354:9)
[36m@web3-citizen/core-sol:chain:fork: [0m      at async HardhatNetworkProvider._sendWithLogging (/Users/kames/workspace/soulcialites/web3-citizen/node_modules/.pnpm/hardhat@2.10.0_6oasmw356qmm23djlsjgkwvrtm/node_modules/hardhat/src/internal/hardhat-network/provider/provider.ts:139:22)
[36m@web3-citizen/core-sol:chain:fork: [0m      at async HardhatNetworkProvider.request (/Users/kames/workspace/soulcialites/web3-citizen/node_modules/.pnpm/hardhat@2.10.0_6oasmw356qmm23djlsjgkwvrtm/node_modules/hardhat/src/internal/hardhat-network/provider/provider.ts:116:18)
[36m@web3-citizen/core-sol:chain:fork: [0m      at async JsonRpcHandler._handleRequest (/Users/kames/workspace/soulcialites/web3-citizen/node_modules/.pnpm/hardhat@2.10.0_6oasmw356qmm23djlsjgkwvrtm/node_modules/hardhat/src/internal/hardhat-network/jsonrpc/handler.ts:188:20)
[36m@web3-citizen/core-sol:chain:fork: [0m      at async JsonRpcHandler._handleSingleRequest (/Users/kames/workspace/soulcialites/web3-citizen/node_modules/.pnpm/hardhat@2.10.0_6oasmw356qmm23djlsjgkwvrtm/node_modules/hardhat/src/internal/hardhat-network/jsonrpc/handler.ts:167:17)
[36m@web3-citizen/core-sol:chain:fork: [0m
[36m@web3-citizen/core-sol:chain:fork: [0meth_call
[36m@web3-citizen/core-sol:chain:fork: [0m  Contract call:       <UnrecognizedContract>
[36m@web3-citizen/core-sol:chain:fork: [0m  From:                0xfc4099ef10cc6255e8662ef85cf82067a7f2e3fd
[36m@web3-citizen/core-sol:chain:fork: [0m  To:                  0x00000000000c2e074ec69a0dfb2997ba6c7d2e1e
[36m@web3-citizen/core-sol:chain:fork: [0m
[36m@web3-citizen/core-sol:chain:fork: [0meth_getTransactionCount
[36m@web3-citizen/core-sol:chain:fork: [0meth_sendRawTransaction
[36m@web3-citizen/core-sol:chain:fork: [0m  Contract call:       Notary#issue
[36m@web3-citizen/core-sol:chain:fork: [0m  Transaction:         0xf6abe4a3f44bbb369d292caa312429f07eaa1ec3e1dd76162f9015d227952545
[36m@web3-citizen/core-sol:chain:fork: [0m  From:                0xfc4099ef10cc6255e8662ef85cf82067a7f2e3fd
[36m@web3-citizen/core-sol:chain:fork: [0m  To:                  0x0afc9809385039f9338c481c23ff60f680c43251
[36m@web3-citizen/core-sol:chain:fork: [0m  Value:               0 ETH
[36m@web3-citizen/core-sol:chain:fork: [0m  Gas used:            120459 of 122341
[36m@web3-citizen/core-sol:chain:fork: [0m  Block #15173668:     0xf1d8a188d79f329a72a2bc2323f103c8a24249471402d7e30144d5ce70161dec
[36m@web3-citizen/core-sol:chain:fork: [0m
[36m@web3-citizen/core-sol:chain:fork: [0meth_call
[36m@web3-citizen/core-sol:chain:fork: [0m  Contract call:       Notary#<unrecognized-selector>
[36m@web3-citizen/core-sol:chain:fork: [0m  From:                0xfc4099ef10cc6255e8662ef85cf82067a7f2e3fd
[36m@web3-citizen/core-sol:chain:fork: [0m  To:                  0x0afc9809385039f9338c481c23ff60f680c43251
[36m@web3-citizen/core-sol:chain:fork: [0m
[36m@web3-citizen/core-sol:chain:fork: [0m  Error: Transaction reverted: function selector was not recognized and there's no fallback function
[36m@web3-citizen/core-sol:chain:fork: [0m      at Notary.<unrecognized-selector> (contracts/Notary/Notary.sol:12)
[36m@web3-citizen/core-sol:chain:fork: [0m      at processTicksAndRejections (node:internal/process/task_queues:96:5)
[36m@web3-citizen/core-sol:chain:fork: [0m      at async HardhatNode.runCall (/Users/kames/workspace/soulcialites/web3-citizen/node_modules/.pnpm/hardhat@2.10.0_6oasmw356qmm23djlsjgkwvrtm/node_modules/hardhat/src/internal/hardhat-network/provider/node.ts:616:20)
[36m@web3-citizen/core-sol:chain:fork: [0m      at async EthModule._callAction (/Users/kames/workspace/soulcialites/web3-citizen/node_modules/.pnpm/hardhat@2.10.0_6oasmw356qmm23djlsjgkwvrtm/node_modules/hardhat/src/internal/hardhat-network/provider/modules/eth.ts:354:9)
[36m@web3-citizen/core-sol:chain:fork: [0m      at async HardhatNetworkProvider._sendWithLogging (/Users/kames/workspace/soulcialites/web3-citizen/node_modules/.pnpm/hardhat@2.10.0_6oasmw356qmm23djlsjgkwvrtm/node_modules/hardhat/src/internal/hardhat-network/provider/provider.ts:139:22)
[36m@web3-citizen/core-sol:chain:fork: [0m      at async HardhatNetworkProvider.request (/Users/kames/workspace/soulcialites/web3-citizen/node_modules/.pnpm/hardhat@2.10.0_6oasmw356qmm23djlsjgkwvrtm/node_modules/hardhat/src/internal/hardhat-network/provider/provider.ts:116:18)
[36m@web3-citizen/core-sol:chain:fork: [0m      at async JsonRpcHandler._handleRequest (/Users/kames/workspace/soulcialites/web3-citizen/node_modules/.pnpm/hardhat@2.10.0_6oasmw356qmm23djlsjgkwvrtm/node_modules/hardhat/src/internal/hardhat-network/jsonrpc/handler.ts:188:20)
[36m@web3-citizen/core-sol:chain:fork: [0m      at async JsonRpcHandler._handleSingleRequest (/Users/kames/workspace/soulcialites/web3-citizen/node_modules/.pnpm/hardhat@2.10.0_6oasmw356qmm23djlsjgkwvrtm/node_modules/hardhat/src/internal/hardhat-network/jsonrpc/handler.ts:167:17)
[36m@web3-citizen/core-sol:chain:fork: [0m
[36m@web3-citizen/core-sol:chain:fork: [0meth_call
[36m@web3-citizen/core-sol:chain:fork: [0m  Contract call:       Notary#<unrecognized-selector>
[36m@web3-citizen/core-sol:chain:fork: [0m  From:                0xfc4099ef10cc6255e8662ef85cf82067a7f2e3fd
[36m@web3-citizen/core-sol:chain:fork: [0m  To:                  0x0afc9809385039f9338c481c23ff60f680c43251
[36m@web3-citizen/core-sol:chain:fork: [0m
[36m@web3-citizen/core-sol:chain:fork: [0m  Error: Transaction reverted: function selector was not recognized and there's no fallback function
[36m@web3-citizen/core-sol:chain:fork: [0m      at Notary.<unrecognized-selector> (contracts/Notary/Notary.sol:12)
[36m@web3-citizen/core-sol:chain:fork: [0m      at processTicksAndRejections (node:internal/process/task_queues:96:5)
[36m@web3-citizen/core-sol:chain:fork: [0m      at async HardhatNode.runCall (/Users/kames/workspace/soulcialites/web3-citizen/node_modules/.pnpm/hardhat@2.10.0_6oasmw356qmm23djlsjgkwvrtm/node_modules/hardhat/src/internal/hardhat-network/provider/node.ts:616:20)
[36m@web3-citizen/core-sol:chain:fork: [0m      at async EthModule._callAction (/Users/kames/workspace/soulcialites/web3-citizen/node_modules/.pnpm/hardhat@2.10.0_6oasmw356qmm23djlsjgkwvrtm/node_modules/hardhat/src/internal/hardhat-network/provider/modules/eth.ts:354:9)
[36m@web3-citizen/core-sol:chain:fork: [0m      at async HardhatNetworkProvider._sendWithLogging (/Users/kames/workspace/soulcialites/web3-citizen/node_modules/.pnpm/hardhat@2.10.0_6oasmw356qmm23djlsjgkwvrtm/node_modules/hardhat/src/internal/hardhat-network/provider/provider.ts:139:22)
[36m@web3-citizen/core-sol:chain:fork: [0m      at async HardhatNetworkProvider.request (/Users/kames/workspace/soulcialites/web3-citizen/node_modules/.pnpm/hardhat@2.10.0_6oasmw356qmm23djlsjgkwvrtm/node_modules/hardhat/src/internal/hardhat-network/provider/provider.ts:116:18)
[36m@web3-citizen/core-sol:chain:fork: [0m      at async JsonRpcHandler._handleRequest (/Users/kames/workspace/soulcialites/web3-citizen/node_modules/.pnpm/hardhat@2.10.0_6oasmw356qmm23djlsjgkwvrtm/node_modules/hardhat/src/internal/hardhat-network/jsonrpc/handler.ts:188:20)
[36m@web3-citizen/core-sol:chain:fork: [0m      at async JsonRpcHandler._handleSingleRequest (/Users/kames/workspace/soulcialites/web3-citizen/node_modules/.pnpm/hardhat@2.10.0_6oasmw356qmm23djlsjgkwvrtm/node_modules/hardhat/src/internal/hardhat-network/jsonrpc/handler.ts:167:17)
[36m@web3-citizen/core-sol:chain:fork: [0m
[36m@web3-citizen/core-sol:chain:fork: [0meth_blockNumber
[36m@web3-citizen/core-sol:chain:fork: [0meth_getBlockByNumber
[36m@web3-citizen/core-sol:chain:fork: [0meth_getTransactionReceipt
[36m@web3-citizen/core-sol:chain:fork: [0meth_call
[36m@web3-citizen/core-sol:chain:fork: [0m  Contract call:       <UnrecognizedContract>
[36m@web3-citizen/core-sol:chain:fork: [0m  From:                0xfc4099ef10cc6255e8662ef85cf82067a7f2e3fd
[36m@web3-citizen/core-sol:chain:fork: [0m  To:                  0xb1f8e55c7f64d203c1400b9d8555d050f94adf39
[36m@web3-citizen/core-sol:chain:fork: [0m
[36m@web3-citizen/core-sol:chain:fork: [0meth_getBlockByHash
[36m@web3-citizen/core-sol:chain:fork: [0meth_call
[36m@web3-citizen/core-sol:chain:fork: [0m  Contract call:       Notary#supportsInterface
[36m@web3-citizen/core-sol:chain:fork: [0m  From:                0xfc4099ef10cc6255e8662ef85cf82067a7f2e3fd
[36m@web3-citizen/core-sol:chain:fork: [0m  To:                  0x0afc9809385039f9338c481c23ff60f680c43251
[36m@web3-citizen/core-sol:chain:fork: [0m
[36m@web3-citizen/core-sol:chain:fork: [0meth_call
[36m@web3-citizen/core-sol:chain:fork: [0m  Contract call:       Notary#supportsInterface
[36m@web3-citizen/core-sol:chain:fork: [0m  From:                0xfc4099ef10cc6255e8662ef85cf82067a7f2e3fd
[36m@web3-citizen/core-sol:chain:fork: [0m  To:                  0x0afc9809385039f9338c481c23ff60f680c43251
[36m@web3-citizen/core-sol:chain:fork: [0m
[36m@web3-citizen/core-sol:chain:fork: [0meth_call
[36m@web3-citizen/core-sol:chain:fork: [0m  Contract call:       Notary#supportsInterface
[36m@web3-citizen/core-sol:chain:fork: [0m  From:                0xfc4099ef10cc6255e8662ef85cf82067a7f2e3fd
[36m@web3-citizen/core-sol:chain:fork: [0m  To:                  0x0afc9809385039f9338c481c23ff60f680c43251
[36m@web3-citizen/core-sol:chain:fork: [0m
[36m@web3-citizen/core-sol:chain:fork: [0meth_call
[36m@web3-citizen/core-sol:chain:fork: [0m  Contract call:       Notary#<unrecognized-selector>
[36m@web3-citizen/core-sol:chain:fork: [0m  From:                0xfc4099ef10cc6255e8662ef85cf82067a7f2e3fd
[36m@web3-citizen/core-sol:chain:fork: [0m  To:                  0x0afc9809385039f9338c481c23ff60f680c43251
[36m@web3-citizen/core-sol:chain:fork: [0m
[36m@web3-citizen/core-sol:chain:fork: [0m  Error: Transaction reverted: function selector was not recognized and there's no fallback function
[36m@web3-citizen/core-sol:chain:fork: [0m      at Notary.<unrecognized-selector> (contracts/Notary/Notary.sol:12)
[36m@web3-citizen/core-sol:chain:fork: [0m      at processTicksAndRejections (node:internal/process/task_queues:96:5)
[36m@web3-citizen/core-sol:chain:fork: [0m      at async HardhatNode.runCall (/Users/kames/workspace/soulcialites/web3-citizen/node_modules/.pnpm/hardhat@2.10.0_6oasmw356qmm23djlsjgkwvrtm/node_modules/hardhat/src/internal/hardhat-network/provider/node.ts:616:20)
[36m@web3-citizen/core-sol:chain:fork: [0m      at async EthModule._callAction (/Users/kames/workspace/soulcialites/web3-citizen/node_modules/.pnpm/hardhat@2.10.0_6oasmw356qmm23djlsjgkwvrtm/node_modules/hardhat/src/internal/hardhat-network/provider/modules/eth.ts:354:9)
[36m@web3-citizen/core-sol:chain:fork: [0m      at async HardhatNetworkProvider._sendWithLogging (/Users/kames/workspace/soulcialites/web3-citizen/node_modules/.pnpm/hardhat@2.10.0_6oasmw356qmm23djlsjgkwvrtm/node_modules/hardhat/src/internal/hardhat-network/provider/provider.ts:139:22)
[36m@web3-citizen/core-sol:chain:fork: [0m      at async HardhatNetworkProvider.request (/Users/kames/workspace/soulcialites/web3-citizen/node_modules/.pnpm/hardhat@2.10.0_6oasmw356qmm23djlsjgkwvrtm/node_modules/hardhat/src/internal/hardhat-network/provider/provider.ts:116:18)
[36m@web3-citizen/core-sol:chain:fork: [0m      at async JsonRpcHandler._handleRequest (/Users/kames/workspace/soulcialites/web3-citizen/node_modules/.pnpm/hardhat@2.10.0_6oasmw356qmm23djlsjgkwvrtm/node_modules/hardhat/src/internal/hardhat-network/jsonrpc/handler.ts:188:20)
[36m@web3-citizen/core-sol:chain:fork: [0m      at async JsonRpcHandler._handleSingleRequest (/Users/kames/workspace/soulcialites/web3-citizen/node_modules/.pnpm/hardhat@2.10.0_6oasmw356qmm23djlsjgkwvrtm/node_modules/hardhat/src/internal/hardhat-network/jsonrpc/handler.ts:167:17)
[36m@web3-citizen/core-sol:chain:fork: [0m
[36m@web3-citizen/core-sol:chain:fork: [0meth_call
[36m@web3-citizen/core-sol:chain:fork: [0m  Contract call:       Notary#<unrecognized-selector>
[36m@web3-citizen/core-sol:chain:fork: [0m  From:                0xfc4099ef10cc6255e8662ef85cf82067a7f2e3fd
[36m@web3-citizen/core-sol:chain:fork: [0m  To:                  0x0afc9809385039f9338c481c23ff60f680c43251
[36m@web3-citizen/core-sol:chain:fork: [0m
[36m@web3-citizen/core-sol:chain:fork: [0m  Error: Transaction reverted: function selector was not recognized and there's no fallback function
[36m@web3-citizen/core-sol:chain:fork: [0m      at Notary.<unrecognized-selector> (contracts/Notary/Notary.sol:12)
[36m@web3-citizen/core-sol:chain:fork: [0m      at processTicksAndRejections (node:internal/process/task_queues:96:5)
[36m@web3-citizen/core-sol:chain:fork: [0m      at async HardhatNode.runCall (/Users/kames/workspace/soulcialites/web3-citizen/node_modules/.pnpm/hardhat@2.10.0_6oasmw356qmm23djlsjgkwvrtm/node_modules/hardhat/src/internal/hardhat-network/provider/node.ts:616:20)
[36m@web3-citizen/core-sol:chain:fork: [0m      at async EthModule._callAction (/Users/kames/workspace/soulcialites/web3-citizen/node_modules/.pnpm/hardhat@2.10.0_6oasmw356qmm23djlsjgkwvrtm/node_modules/hardhat/src/internal/hardhat-network/provider/modules/eth.ts:354:9)
[36m@web3-citizen/core-sol:chain:fork: [0m      at async HardhatNetworkProvider._sendWithLogging (/Users/kames/workspace/soulcialites/web3-citizen/node_modules/.pnpm/hardhat@2.10.0_6oasmw356qmm23djlsjgkwvrtm/node_modules/hardhat/src/internal/hardhat-network/provider/provider.ts:139:22)
[36m@web3-citizen/core-sol:chain:fork: [0m      at async HardhatNetworkProvider.request (/Users/kames/workspace/soulcialites/web3-citizen/node_modules/.pnpm/hardhat@2.10.0_6oasmw356qmm23djlsjgkwvrtm/node_modules/hardhat/src/internal/hardhat-network/provider/provider.ts:116:18)
[36m@web3-citizen/core-sol:chain:fork: [0m      at async JsonRpcHandler._handleRequest (/Users/kames/workspace/soulcialites/web3-citizen/node_modules/.pnpm/hardhat@2.10.0_6oasmw356qmm23djlsjgkwvrtm/node_modules/hardhat/src/internal/hardhat-network/jsonrpc/handler.ts:188:20)
[36m@web3-citizen/core-sol:chain:fork: [0m      at async JsonRpcHandler._handleSingleRequest (/Users/kames/workspace/soulcialites/web3-citizen/node_modules/.pnpm/hardhat@2.10.0_6oasmw356qmm23djlsjgkwvrtm/node_modules/hardhat/src/internal/hardhat-network/jsonrpc/handler.ts:167:17)
[36m@web3-citizen/core-sol:chain:fork: [0m
[36m@web3-citizen/core-sol:chain:fork: [0meth_blockNumber
[36m@web3-citizen/core-sol:chain:fork: [0meth_blockNumber (2)
[36m@web3-citizen/core-sol:chain:fork: [0meth_blockNumber (3)
[36m@web3-citizen/core-sol:chain:fork: [0meth_call
[36m@web3-citizen/core-sol:chain:fork: [0m  Contract call:       CitizenAlpha#totalIssued
[36m@web3-citizen/core-sol:chain:fork: [0m  From:                0xfc4099ef10cc6255e8662ef85cf82067a7f2e3fd
[36m@web3-citizen/core-sol:chain:fork: [0m  To:                  0x825e0e24de8559831e2bdee296397ba38967ba07
[36m@web3-citizen/core-sol:chain:fork: [0m
[36m@web3-citizen/core-sol:chain:fork: [0meth_getBalance
[36m@web3-citizen/core-sol:chain:fork: [0meth_blockNumber
[36m@web3-citizen/core-sol:chain:fork: [0meth_blockNumber (2)
[36m@web3-citizen/core-sol:chain:fork: [0meth_call
[36m@web3-citizen/core-sol:chain:fork: [0m  Contract call:       CitizenAlpha#ownerOf
[36m@web3-citizen/core-sol:chain:fork: [0m  From:                0xfc4099ef10cc6255e8662ef85cf82067a7f2e3fd
[36m@web3-citizen/core-sol:chain:fork: [0m  To:                  0x825e0e24de8559831e2bdee296397ba38967ba07
[36m@web3-citizen/core-sol:chain:fork: [0m
[36m@web3-citizen/core-sol:chain:fork: [0meth_call
[36m@web3-citizen/core-sol:chain:fork: [0m  Contract call:       CitizenAlpha#tokenURI
[36m@web3-citizen/core-sol:chain:fork: [0m  From:                0xfc4099ef10cc6255e8662ef85cf82067a7f2e3fd
[36m@web3-citizen/core-sol:chain:fork: [0m  To:                  0x825e0e24de8559831e2bdee296397ba38967ba07
[36m@web3-citizen/core-sol:chain:fork: [0m
[36m@web3-citizen/core-sol:chain:fork: [0meth_blockNumber
[36m@web3-citizen/core-sol:chain:fork: [0meth_blockNumber (2)
[36m@web3-citizen/core-sol:chain:fork: [0meth_blockNumber (3)
[36m@web3-citizen/core-sol:chain:fork: [0meth_blockNumber (4)
[36m@web3-citizen/core-sol:chain:fork: [0meth_blockNumber (5)
[36m@web3-citizen/core-sol:chain:fork: [0meth_call
[36m@web3-citizen/core-sol:chain:fork: [0m  Contract call:       CitizenAlpha#totalIssued
[36m@web3-citizen/core-sol:chain:fork: [0m  From:                0xfc4099ef10cc6255e8662ef85cf82067a7f2e3fd
[36m@web3-citizen/core-sol:chain:fork: [0m  To:                  0x825e0e24de8559831e2bdee296397ba38967ba07
[36m@web3-citizen/core-sol:chain:fork: [0m
[36m@web3-citizen/core-sol:chain:fork: [0meth_call
[36m@web3-citizen/core-sol:chain:fork: [0m  Contract call:       CitizenAlpha#ownerOf
[36m@web3-citizen/core-sol:chain:fork: [0m  From:                0xfc4099ef10cc6255e8662ef85cf82067a7f2e3fd
[36m@web3-citizen/core-sol:chain:fork: [0m  To:                  0x825e0e24de8559831e2bdee296397ba38967ba07
[36m@web3-citizen/core-sol:chain:fork: [0m
[36m@web3-citizen/core-sol:chain:fork: [0meth_call
[36m@web3-citizen/core-sol:chain:fork: [0m  Contract call:       CitizenAlpha#tokenURI
[36m@web3-citizen/core-sol:chain:fork: [0m  From:                0xfc4099ef10cc6255e8662ef85cf82067a7f2e3fd
[36m@web3-citizen/core-sol:chain:fork: [0m  To:                  0x825e0e24de8559831e2bdee296397ba38967ba07
[36m@web3-citizen/core-sol:chain:fork: [0m
[36m@web3-citizen/core-sol:chain:fork: [0meth_getBalance
[36m@web3-citizen/core-sol:chain:fork: [0meth_blockNumber
[36m@web3-citizen/core-sol:chain:fork: [0meth_blockNumber (2)
[36m@web3-citizen/core-sol:chain:fork: [0meth_blockNumber (3)
[36m@web3-citizen/core-sol:chain:fork: [0meth_blockNumber (4)
[36m@web3-citizen/core-sol:chain:fork: [0meth_blockNumber (5)
[36m@web3-citizen/core-sol:chain:fork: [0meth_getBalance
[36m@web3-citizen/core-sol:chain:fork: [0meth_call
[36m@web3-citizen/core-sol:chain:fork: [0m  Contract call:       CitizenAlpha#isCitizen
[36m@web3-citizen/core-sol:chain:fork: [0m  From:                0xfc4099ef10cc6255e8662ef85cf82067a7f2e3fd
[36m@web3-citizen/core-sol:chain:fork: [0m  To:                  0x825e0e24de8559831e2bdee296397ba38967ba07
[36m@web3-citizen/core-sol:chain:fork: [0m
[36m@web3-citizen/core-sol:chain:fork: [0meth_call
[36m@web3-citizen/core-sol:chain:fork: [0m  Contract call:       CitizenAlpha#getId
[36m@web3-citizen/core-sol:chain:fork: [0m  From:                0xfc4099ef10cc6255e8662ef85cf82067a7f2e3fd
[36m@web3-citizen/core-sol:chain:fork: [0m  To:                  0x825e0e24de8559831e2bdee296397ba38967ba07
[36m@web3-citizen/core-sol:chain:fork: [0m
[36m@web3-citizen/core-sol:chain:fork: [0meth_blockNumber
[36m@web3-citizen/core-sol:chain:fork: [0meth_blockNumber (2)
[36m@web3-citizen/core-sol:chain:fork: [0meth_blockNumber (3)
[36m@web3-citizen/core-sol:chain:fork: [0meth_call
[36m@web3-citizen/core-sol:chain:fork: [0m  Contract call:       CitizenAlpha#tokenURI
[36m@web3-citizen/core-sol:chain:fork: [0m  From:                0xfc4099ef10cc6255e8662ef85cf82067a7f2e3fd
[36m@web3-citizen/core-sol:chain:fork: [0m  To:                  0x825e0e24de8559831e2bdee296397ba38967ba07
[36m@web3-citizen/core-sol:chain:fork: [0m
[36m@web3-citizen/core-sol:chain:fork: [0meth_call
[36m@web3-citizen/core-sol:chain:fork: [0m  Contract call:       Nation#hasRole
[36m@web3-citizen/core-sol:chain:fork: [0m  From:                0xfc4099ef10cc6255e8662ef85cf82067a7f2e3fd
[36m@web3-citizen/core-sol:chain:fork: [0m  To:                  0x4f94ebaeb441d20ad3b1379f89e59b8d0505287e
[36m@web3-citizen/core-sol:chain:fork: [0m
[36m@web3-citizen/core-sol:chain:fork: [0meth_call
[36m@web3-citizen/core-sol:chain:fork: [0m  Contract call:       Notary#hasRole
[36m@web3-citizen/core-sol:chain:fork: [0m  From:                0xfc4099ef10cc6255e8662ef85cf82067a7f2e3fd
[36m@web3-citizen/core-sol:chain:fork: [0m  To:                  0x0afc9809385039f9338c481c23ff60f680c43251
[36m@web3-citizen/core-sol:chain:fork: [0m
[36m@web3-citizen/core-sol:chain:fork: [0meth_blockNumber
[36m@web3-citizen/core-sol:chain:fork: [0meth_blockNumber (2)
[36m@web3-citizen/core-sol:chain:fork: [0meth_blockNumber (3)
[36m@web3-citizen/core-sol:chain:fork: [0meth_blockNumber (4)
[36m@web3-citizen/core-sol:chain:fork: [0meth_blockNumber (5)
[36m@web3-citizen/core-sol:chain:fork: [0meth_blockNumber (6)
[36m@web3-citizen/core-sol:chain:fork: [0meth_blockNumber (7)
[36m@web3-citizen/core-sol:chain:fork: [0meth_call
[36m@web3-citizen/core-sol:chain:fork: [0m  Contract call:       CitizenAlpha#tokenURI
[36m@web3-citizen/core-sol:chain:fork: [0m  From:                0xfc4099ef10cc6255e8662ef85cf82067a7f2e3fd
[36m@web3-citizen/core-sol:chain:fork: [0m  To:                  0x825e0e24de8559831e2bdee296397ba38967ba07
[36m@web3-citizen/core-sol:chain:fork: [0m
[36m@web3-citizen/core-sol:chain:fork: [0meth_call
[36m@web3-citizen/core-sol:chain:fork: [0m  Contract call:       Notary#hasRole
[36m@web3-citizen/core-sol:chain:fork: [0m  From:                0xfc4099ef10cc6255e8662ef85cf82067a7f2e3fd
[36m@web3-citizen/core-sol:chain:fork: [0m  To:                  0x0afc9809385039f9338c481c23ff60f680c43251
[36m@web3-citizen/core-sol:chain:fork: [0m
[36m@web3-citizen/core-sol:chain:fork: [0meth_call
[36m@web3-citizen/core-sol:chain:fork: [0m  Contract call:       Nation#hasRole
[36m@web3-citizen/core-sol:chain:fork: [0m  From:                0xfc4099ef10cc6255e8662ef85cf82067a7f2e3fd
[36m@web3-citizen/core-sol:chain:fork: [0m  To:                  0x4f94ebaeb441d20ad3b1379f89e59b8d0505287e
[36m@web3-citizen/core-sol:chain:fork: [0m
[36m@web3-citizen/core-sol:chain:fork: [0meth_call
[36m@web3-citizen/core-sol:chain:fork: [0m  Contract call:       CitizenAlpha#getId
[36m@web3-citizen/core-sol:chain:fork: [0m  From:                0xfc4099ef10cc6255e8662ef85cf82067a7f2e3fd
[36m@web3-citizen/core-sol:chain:fork: [0m  To:                  0x825e0e24de8559831e2bdee296397ba38967ba07
[36m@web3-citizen/core-sol:chain:fork: [0m
[36m@web3-citizen/core-sol:chain:fork: [0meth_call
[36m@web3-citizen/core-sol:chain:fork: [0m  Contract call:       CitizenAlpha#isCitizen
[36m@web3-citizen/core-sol:chain:fork: [0m  From:                0xfc4099ef10cc6255e8662ef85cf82067a7f2e3fd
[36m@web3-citizen/core-sol:chain:fork: [0m  To:                  0x825e0e24de8559831e2bdee296397ba38967ba07
[36m@web3-citizen/core-sol:chain:fork: [0m
[36m@web3-citizen/core-sol:chain:fork: [0meth_blockNumber
[36m@web3-citizen/core-sol:chain:fork: [0meth_blockNumber (2)
[36m@web3-citizen/core-sol:chain:fork: [0meth_blockNumber (3)
[36m@web3-citizen/core-sol:chain:fork: [0meth_blockNumber (4)
[36m@web3-citizen/core-sol:chain:fork: [0meth_blockNumber (5)
[36m@web3-citizen/core-sol:chain:fork: [0meth_call
[36m@web3-citizen/core-sol:chain:fork: [0m  Contract call:       CitizenAlpha#tokenURI
[36m@web3-citizen/core-sol:chain:fork: [0m  From:                0xfc4099ef10cc6255e8662ef85cf82067a7f2e3fd
[36m@web3-citizen/core-sol:chain:fork: [0m  To:                  0x825e0e24de8559831e2bdee296397ba38967ba07
[36m@web3-citizen/core-sol:chain:fork: [0m
[36m@web3-citizen/core-sol:chain:fork: [0meth_call
[36m@web3-citizen/core-sol:chain:fork: [0m  Contract call:       CitizenAlpha#getId
[36m@web3-citizen/core-sol:chain:fork: [0m  From:                0xfc4099ef10cc6255e8662ef85cf82067a7f2e3fd
[36m@web3-citizen/core-sol:chain:fork: [0m  To:                  0x825e0e24de8559831e2bdee296397ba38967ba07
[36m@web3-citizen/core-sol:chain:fork: [0m
[36m@web3-citizen/core-sol:chain:fork: [0meth_call
[36m@web3-citizen/core-sol:chain:fork: [0m  Contract call:       CitizenAlpha#isCitizen
[36m@web3-citizen/core-sol:chain:fork: [0m  From:                0xfc4099ef10cc6255e8662ef85cf82067a7f2e3fd
[36m@web3-citizen/core-sol:chain:fork: [0m  To:                  0x825e0e24de8559831e2bdee296397ba38967ba07
[36m@web3-citizen/core-sol:chain:fork: [0m
[36m@web3-citizen/core-sol:chain:fork: [0meth_call
[36m@web3-citizen/core-sol:chain:fork: [0m  Contract call:       Notary#hasRole
[36m@web3-citizen/core-sol:chain:fork: [0m  From:                0xfc4099ef10cc6255e8662ef85cf82067a7f2e3fd
[36m@web3-citizen/core-sol:chain:fork: [0m  To:                  0x0afc9809385039f9338c481c23ff60f680c43251
[36m@web3-citizen/core-sol:chain:fork: [0m
[36m@web3-citizen/core-sol:chain:fork: [0meth_call
[36m@web3-citizen/core-sol:chain:fork: [0m  Contract call:       Nation#hasRole
[36m@web3-citizen/core-sol:chain:fork: [0m  From:                0xfc4099ef10cc6255e8662ef85cf82067a7f2e3fd
[36m@web3-citizen/core-sol:chain:fork: [0m  To:                  0x4f94ebaeb441d20ad3b1379f89e59b8d0505287e
[36m@web3-citizen/core-sol:chain:fork: [0m
[36m@web3-citizen/core-sol:chain:fork: [0meth_blockNumber
[36m@web3-citizen/core-sol:chain:fork: [0meth_blockNumber (2)
[36m@web3-citizen/core-sol:chain:fork: [0meth_blockNumber (3)
[36m@web3-citizen/core-sol:chain:fork: [0meth_blockNumber (4)
[36m@web3-citizen/core-sol:chain:fork: [0meth_blockNumber (5)
[36m@web3-citizen/core-sol:chain:fork: [0meth_call
[36m@web3-citizen/core-sol:chain:fork: [0m  Contract call:       Notary#hasRole
[36m@web3-citizen/core-sol:chain:fork: [0m  From:                0xfc4099ef10cc6255e8662ef85cf82067a7f2e3fd
[36m@web3-citizen/core-sol:chain:fork: [0m  To:                  0x0afc9809385039f9338c481c23ff60f680c43251
[36m@web3-citizen/core-sol:chain:fork: [0m
[36m@web3-citizen/core-sol:chain:fork: [0meth_call
[36m@web3-citizen/core-sol:chain:fork: [0m  Contract call:       CitizenAlpha#tokenURI
[36m@web3-citizen/core-sol:chain:fork: [0m  From:                0xfc4099ef10cc6255e8662ef85cf82067a7f2e3fd
[36m@web3-citizen/core-sol:chain:fork: [0m  To:                  0x825e0e24de8559831e2bdee296397ba38967ba07
[36m@web3-citizen/core-sol:chain:fork: [0m
[36m@web3-citizen/core-sol:chain:fork: [0meth_call
[36m@web3-citizen/core-sol:chain:fork: [0m  Contract call:       Nation#hasRole
[36m@web3-citizen/core-sol:chain:fork: [0m  From:                0xfc4099ef10cc6255e8662ef85cf82067a7f2e3fd
[36m@web3-citizen/core-sol:chain:fork: [0m  To:                  0x4f94ebaeb441d20ad3b1379f89e59b8d0505287e
[36m@web3-citizen/core-sol:chain:fork: [0m
[36m@web3-citizen/core-sol:chain:fork: [0meth_call
[36m@web3-citizen/core-sol:chain:fork: [0m  Contract call:       CitizenAlpha#isCitizen
[36m@web3-citizen/core-sol:chain:fork: [0m  From:                0xfc4099ef10cc6255e8662ef85cf82067a7f2e3fd
[36m@web3-citizen/core-sol:chain:fork: [0m  To:                  0x825e0e24de8559831e2bdee296397ba38967ba07
[36m@web3-citizen/core-sol:chain:fork: [0m
[36m@web3-citizen/core-sol:chain:fork: [0meth_call
[36m@web3-citizen/core-sol:chain:fork: [0m  Contract call:       CitizenAlpha#getId
[36m@web3-citizen/core-sol:chain:fork: [0m  From:                0xfc4099ef10cc6255e8662ef85cf82067a7f2e3fd
[36m@web3-citizen/core-sol:chain:fork: [0m  To:                  0x825e0e24de8559831e2bdee296397ba38967ba07
[36m@web3-citizen/core-sol:chain:fork: [0m
[36m@web3-citizen/core-sol:chain:fork: [0meth_blockNumber
[36m@web3-citizen/core-sol:chain:fork: [0meth_blockNumber (2)
[36m@web3-citizen/core-sol:chain:fork: [0meth_blockNumber (3)
[36m@web3-citizen/core-sol:chain:fork: [0meth_blockNumber (4)
[36m@web3-citizen/core-sol:chain:fork: [0meth_blockNumber (5)
[36m@web3-citizen/core-sol:chain:fork: [0meth_blockNumber (6)
[36m@web3-citizen/core-sol:chain:fork: [0meth_call
[36m@web3-citizen/core-sol:chain:fork: [0m  Contract call:       CitizenAlpha#tokenURI
[36m@web3-citizen/core-sol:chain:fork: [0m  From:                0xfc4099ef10cc6255e8662ef85cf82067a7f2e3fd
[36m@web3-citizen/core-sol:chain:fork: [0m  To:                  0x825e0e24de8559831e2bdee296397ba38967ba07
[36m@web3-citizen/core-sol:chain:fork: [0m
[36m@web3-citizen/core-sol:chain:fork: [0meth_call
[36m@web3-citizen/core-sol:chain:fork: [0m  Contract call:       Nation#hasRole
[36m@web3-citizen/core-sol:chain:fork: [0m  From:                0xfc4099ef10cc6255e8662ef85cf82067a7f2e3fd
[36m@web3-citizen/core-sol:chain:fork: [0m  To:                  0x4f94ebaeb441d20ad3b1379f89e59b8d0505287e
[36m@web3-citizen/core-sol:chain:fork: [0m
[36m@web3-citizen/core-sol:chain:fork: [0meth_call
[36m@web3-citizen/core-sol:chain:fork: [0m  Contract call:       Notary#hasRole
[36m@web3-citizen/core-sol:chain:fork: [0m  From:                0xfc4099ef10cc6255e8662ef85cf82067a7f2e3fd
[36m@web3-citizen/core-sol:chain:fork: [0m  To:                  0x0afc9809385039f9338c481c23ff60f680c43251
[36m@web3-citizen/core-sol:chain:fork: [0m
[36m@web3-citizen/core-sol:chain:fork: [0meth_call
[36m@web3-citizen/core-sol:chain:fork: [0m  Contract call:       CitizenAlpha#getId
[36m@web3-citizen/core-sol:chain:fork: [0m  From:                0xfc4099ef10cc6255e8662ef85cf82067a7f2e3fd
[36m@web3-citizen/core-sol:chain:fork: [0m  To:                  0x825e0e24de8559831e2bdee296397ba38967ba07
[36m@web3-citizen/core-sol:chain:fork: [0m
[36m@web3-citizen/core-sol:chain:fork: [0meth_call
[36m@web3-citizen/core-sol:chain:fork: [0m  Contract call:       CitizenAlpha#isCitizen
[36m@web3-citizen/core-sol:chain:fork: [0m  From:                0xfc4099ef10cc6255e8662ef85cf82067a7f2e3fd
[36m@web3-citizen/core-sol:chain:fork: [0m  To:                  0x825e0e24de8559831e2bdee296397ba38967ba07
[36m@web3-citizen/core-sol:chain:fork: [0m
[36m@web3-citizen/core-sol:chain:fork: [0meth_blockNumber
[36m@web3-citizen/core-sol:chain:fork: [0meth_blockNumber (2)
[36m@web3-citizen/core-sol:chain:fork: [0meth_blockNumber (3)
[36m@web3-citizen/core-sol:chain:fork: [0meth_blockNumber (4)
[36m@web3-citizen/core-sol:chain:fork: [0meth_blockNumber (5)
[36m@web3-citizen/core-sol:chain:fork: [0meth_blockNumber (6)
[36m@web3-citizen/core-sol:chain:fork: [0meth_blockNumber (7)
[36m@web3-citizen/core-sol:chain:fork: [0meth_getBalance
[36m@web3-citizen/core-sol:chain:fork: [0meth_call
[36m@web3-citizen/core-sol:chain:fork: [0m  Contract call:       Notary#hasRole
[36m@web3-citizen/core-sol:chain:fork: [0m  From:                0xfc4099ef10cc6255e8662ef85cf82067a7f2e3fd
[36m@web3-citizen/core-sol:chain:fork: [0m  To:                  0x0afc9809385039f9338c481c23ff60f680c43251
[36m@web3-citizen/core-sol:chain:fork: [0m
[36m@web3-citizen/core-sol:chain:fork: [0meth_call
[36m@web3-citizen/core-sol:chain:fork: [0m  Contract call:       CitizenAlpha#isCitizen
[36m@web3-citizen/core-sol:chain:fork: [0m  From:                0xfc4099ef10cc6255e8662ef85cf82067a7f2e3fd
[36m@web3-citizen/core-sol:chain:fork: [0m  To:                  0x825e0e24de8559831e2bdee296397ba38967ba07
[36m@web3-citizen/core-sol:chain:fork: [0m
[36m@web3-citizen/core-sol:chain:fork: [0meth_call
[36m@web3-citizen/core-sol:chain:fork: [0m  Contract call:       CitizenAlpha#getId
[36m@web3-citizen/core-sol:chain:fork: [0m  From:                0xfc4099ef10cc6255e8662ef85cf82067a7f2e3fd
[36m@web3-citizen/core-sol:chain:fork: [0m  To:                  0x825e0e24de8559831e2bdee296397ba38967ba07
[36m@web3-citizen/core-sol:chain:fork: [0m
[36m@web3-citizen/core-sol:chain:fork: [0meth_call
[36m@web3-citizen/core-sol:chain:fork: [0m  Contract call:       CitizenAlpha#tokenURI
[36m@web3-citizen/core-sol:chain:fork: [0m  From:                0xfc4099ef10cc6255e8662ef85cf82067a7f2e3fd
[36m@web3-citizen/core-sol:chain:fork: [0m  To:                  0x825e0e24de8559831e2bdee296397ba38967ba07
[36m@web3-citizen/core-sol:chain:fork: [0m
[36m@web3-citizen/core-sol:chain:fork: [0meth_call
[36m@web3-citizen/core-sol:chain:fork: [0m  Contract call:       Nation#hasRole
[36m@web3-citizen/core-sol:chain:fork: [0m  From:                0xfc4099ef10cc6255e8662ef85cf82067a7f2e3fd
[36m@web3-citizen/core-sol:chain:fork: [0m  To:                  0x4f94ebaeb441d20ad3b1379f89e59b8d0505287e
[36m@web3-citizen/core-sol:chain:fork: [0m
[36m@web3-citizen/core-sol:chain:fork: [0meth_blockNumber
