{
  "0 debug pnpm:scope": {
    "selected": 1,
    "workspacePrefix": "/Users/kames/workspace/kames/code/molecule-labs"
  },
  "1 error pnpm": {
    "code": "ELIFECYCLE",
    "errno": "ENOENT",
    "syscall": "spawn",
    "file": "sh",
    "pkgid": "@molecule-labs/erc721-wagmi@0.1.0",
    "stage": "build",
    "script": "tsdx build",
    "pkgname": "@molecule-labs/erc721-wagmi",
    "err": {
      "name": "pnpm",
      "message": "@molecule-labs/erc721-wagmi@0.1.0 build: `tsdx build`\nspawn ENOENT",
      "code": "ELIFECYCLE",
      "stack": "pnpm: @molecule-labs/erc721-wagmi@0.1.0 build: `tsdx build`\nspawn ENOENT\n    at ChildProcess.<anonymous> (/opt/homebrew/Cellar/pnpm/7.2.1/libexec/lib/node_modules/pnpm/dist/pnpm.cjs:93917:22)\n    at ChildProcess.emit (node:events:390:28)\n    at maybeClose (node:internal/child_process:1064:16)\n    at Process.ChildProcess._handle.onexit (node:internal/child_process:301:5)"
    }
  },
  "2 warn pnpm:global": " Local package.json exists, but node_modules missing, did you mean to install?"
}