Arguments: 
  /Users/kames/.nvm/versions/node/v16.10.0/bin/node /Users/kames/.nvm/versions/node/v16.10.0/bin/yarn add wagmi classnames

PATH: 
  /Users/kames/Library/pnpm:/Users/kames/.nvm/versions/node/v16.10.0/bin:/opt/homebrew/bin:/opt/homebrew/sbin:/usr/local/bin:/usr/bin:/bin:/usr/sbin:/sbin:/Library/Apple/usr/bin:/Users/kames/Library/pnpm:/Users/kames/.nvm/versions/node/v16.10.0/bin:/opt/homebrew/bin:/opt/homebrew/sbin

Yarn version: 
  1.22.19

Node version: 
  16.10.0

Platform: 
  darwin arm64

Trace: 
  Error: EEXIST: file already exists, mkdir '/Users/kames/workspace/kames/code/molecule-labs/apps/molecule-app/node_modules/@testing-library/jest-dom/node_modules'

npm manifest: 
  {
    "name": "@molecule-labs/erc721-wagmi",
    "author": "kames",
    "module": "dist/erc721-wagmi.esm.js",
    "version": "0.0.0-beta.0",
    "license": "MIT",
    "main": "dist/index.js",
    "typings": "dist/index.d.ts",
    "files": [
      "dist",
      "src"
    ],
    "engines": {
      "node": ">=10"
    },
    "scripts": {
      "start": "tsdx watch",
      "build": "tsdx build",
      "test": "tsdx test --passWithNoTests",
      "lint": "tsdx lint",
      "prepare": "tsdx build",
      "size": "size-limit",
      "analyze": "size-limit --why"
    },
    "peerDependencies": {
      "react": ">=16"
    },
    "husky": {
      "hooks": {
        "pre-commit": "tsdx lint"
      }
    },
    "prettier": {
      "printWidth": 80,
      "semi": true,
      "singleQuote": true,
      "trailingComma": "es5"
    },
    "size-limit": [
      {
        "path": "dist/erc721-wagmi.cjs.production.min.js",
        "limit": "10 KB"
      },
      {
        "path": "dist/erc721-wagmi.esm.js",
        "limit": "10 KB"
      }
    ],
    "devDependencies": {
      "@size-limit/preset-small-lib": "^7.0.8",
      "@types/react": "^18.0.14",
      "@types/react-dom": "^18.0.5",
      "husky": "^8.0.1",
      "react": "^18.2.0",
      "react-dom": "^18.2.0",
      "size-limit": "^7.0.8",
      "tsdx": "^0.14.1",
      "tslib": "^2.4.0",
      "typescript": "^4.7.4"
    }
  }

yarn manifest: 
  No manifest

Lockfile: 
  No lockfile
